<?xml version="1.0" encoding="UTF-8"?>
<testsuite name="MoveToAnotherField" tests="1" skipped="0" failures="0" errors="0" timestamp="2023-05-28T18:36:14" hostname="MARK-GAMING-PC" time="0.002">
  <properties/>
  <testcase name="Virologist moves to another field" classname="MoveToAnotherField" time="0.002"/>
  <system-out><![CDATA[]]></system-out>
  <system-err><![CDATA[]]></system-err>
</testsuite>
