<?xml version="1.0" encoding="UTF-8"?>
<testsuite name="Collect Material" tests="2" skipped="0" failures="0" errors="0" timestamp="2023-05-28T18:36:13" hostname="MARK-GAMING-PC" time="0.049">
  <properties/>
  <testcase name="Virologist collects material without a sack" classname="Collect Material" time="0.046"/>
  <testcase name="Virologist collects material with a sack" classname="Collect Material" time="0.003"/>
  <system-out><![CDATA[]]></system-out>
  <system-err><![CDATA[]]></system-err>
</testsuite>
